2023-12-28 16:51:10,233 [Worker-3: Loading available Gradle versions] INFO  o.e.b.c.i.u.g.PublishedGradleVersions - Gradle version information cache is up-to-date. Trying to read.
2023-12-28 16:52:32,596 [Worker-6: Building] INFO  o.e.m.c.i.embedder.EclipseLogger - Using 'UTF-8' encoding to copy filtered resources.
2023-12-28 16:52:32,600 [Worker-6: Building] INFO  o.e.m.c.i.embedder.EclipseLogger - Using 'UTF-8' encoding to copy filtered properties files.
2023-12-28 16:52:32,605 [Worker-6: Building] INFO  o.e.m.c.i.embedder.EclipseLogger - Copying 1 resource
2023-12-28 16:52:32,633 [Worker-6: Building] INFO  o.e.m.c.i.embedder.EclipseLogger - Copying 1 resource
2023-12-28 16:52:32,643 [Worker-6: Building] INFO  o.e.m.c.i.embedder.EclipseLogger - Using 'UTF-8' encoding to copy filtered resources.
2023-12-28 16:52:32,644 [Worker-6: Building] INFO  o.e.m.c.i.embedder.EclipseLogger - Using 'UTF-8' encoding to copy filtered properties files.
2023-12-28 16:52:32,644 [Worker-6: Building] INFO  o.e.m.c.i.embedder.EclipseLogger - Copying 0 resource
2023-12-28 16:53:18,884 [Worker-9: Building] INFO  o.e.m.c.i.embedder.EclipseLogger - Using 'UTF-8' encoding to copy filtered resources.
2023-12-28 16:53:18,884 [Worker-9: Building] INFO  o.e.m.c.i.embedder.EclipseLogger - Using 'UTF-8' encoding to copy filtered properties files.
2023-12-28 16:53:18,886 [Worker-9: Building] INFO  o.e.m.c.i.embedder.EclipseLogger - Copying 1 resource
2023-12-28 16:53:18,891 [Worker-9: Building] INFO  o.e.m.c.i.embedder.EclipseLogger - Copying 1 resource
2023-12-28 16:53:18,896 [Worker-9: Building] INFO  o.e.m.c.i.embedder.EclipseLogger - Using 'UTF-8' encoding to copy filtered resources.
2023-12-28 16:53:18,896 [Worker-9: Building] INFO  o.e.m.c.i.embedder.EclipseLogger - Using 'UTF-8' encoding to copy filtered properties files.
2023-12-28 16:53:18,896 [Worker-9: Building] INFO  o.e.m.c.i.embedder.EclipseLogger - Copying 0 resource
2023-12-28 16:54:59,985 [Worker-0: Building] INFO  o.e.m.c.i.embedder.EclipseLogger - Using 'UTF-8' encoding to copy filtered resources.
2023-12-28 16:54:59,985 [Worker-0: Building] INFO  o.e.m.c.i.embedder.EclipseLogger - Using 'UTF-8' encoding to copy filtered properties files.
2023-12-28 16:54:59,986 [Worker-0: Building] INFO  o.e.m.c.i.embedder.EclipseLogger - Copying 1 resource
2023-12-28 16:54:59,990 [Worker-0: Building] INFO  o.e.m.c.i.embedder.EclipseLogger - Copying 1 resource
2023-12-28 16:54:59,992 [Worker-0: Building] INFO  o.e.m.c.i.embedder.EclipseLogger - Using 'UTF-8' encoding to copy filtered resources.
2023-12-28 16:54:59,994 [Worker-0: Building] INFO  o.e.m.c.i.embedder.EclipseLogger - Using 'UTF-8' encoding to copy filtered properties files.
2023-12-28 16:54:59,994 [Worker-0: Building] INFO  o.e.m.c.i.embedder.EclipseLogger - Copying 0 resource
2023-12-28 16:58:10,453 [Worker-12: Building] INFO  o.e.m.c.i.embedder.EclipseLogger - Using 'UTF-8' encoding to copy filtered resources.
2023-12-28 16:58:10,453 [Worker-12: Building] INFO  o.e.m.c.i.embedder.EclipseLogger - Using 'UTF-8' encoding to copy filtered properties files.
2023-12-28 16:58:10,453 [Worker-12: Building] INFO  o.e.m.c.i.embedder.EclipseLogger - Copying 1 resource
2023-12-28 16:58:10,458 [Worker-12: Building] INFO  o.e.m.c.i.embedder.EclipseLogger - Copying 1 resource
2023-12-28 16:58:10,462 [Worker-12: Building] INFO  o.e.m.c.i.embedder.EclipseLogger - Using 'UTF-8' encoding to copy filtered resources.
2023-12-28 16:58:10,462 [Worker-12: Building] INFO  o.e.m.c.i.embedder.EclipseLogger - Using 'UTF-8' encoding to copy filtered properties files.
2023-12-28 16:58:10,462 [Worker-12: Building] INFO  o.e.m.c.i.embedder.EclipseLogger - Copying 0 resource
2024-03-07 13:39:13,921 [Worker-1: Loading available Gradle versions] INFO  o.e.b.c.i.u.g.PublishedGradleVersions - Gradle version information cache is out-of-date. Trying to update.
2024-03-07 13:39:27,119 [Worker-7: Building] INFO  o.e.m.c.i.embedder.EclipseLogger - Using 'UTF-8' encoding to copy filtered resources.
2024-03-07 13:39:27,120 [Worker-7: Building] INFO  o.e.m.c.i.embedder.EclipseLogger - Using 'UTF-8' encoding to copy filtered properties files.
2024-03-07 13:39:27,122 [Worker-7: Building] INFO  o.e.m.c.i.embedder.EclipseLogger - Copying 1 resource
2024-03-07 13:39:27,147 [Worker-7: Building] INFO  o.e.m.c.i.embedder.EclipseLogger - Copying 1 resource
2024-03-07 13:39:27,166 [Worker-7: Building] INFO  o.e.m.c.i.embedder.EclipseLogger - Using 'UTF-8' encoding to copy filtered resources.
2024-03-07 13:39:27,166 [Worker-7: Building] INFO  o.e.m.c.i.embedder.EclipseLogger - Using 'UTF-8' encoding to copy filtered properties files.
2024-03-07 13:39:27,167 [Worker-7: Building] INFO  o.e.m.c.i.embedder.EclipseLogger - Copying 0 resource
2024-05-16 17:27:00,729 [Worker-0: Loading available Gradle versions] INFO  o.e.b.c.i.u.g.PublishedGradleVersions - Gradle version information cache is up-to-date. Trying to read.
2024-05-29 12:23:00,957 [Worker-0: Loading available Gradle versions] INFO  o.e.b.c.i.u.g.PublishedGradleVersions - Gradle version information cache is up-to-date. Trying to read.
2024-05-29 12:23:28,083 [Worker-4: Build] INFO  o.e.m.c.i.embedder.EclipseLogger - Using 'UTF-8' encoding to copy filtered resources.
2024-05-29 12:23:28,084 [Worker-4: Build] INFO  o.e.m.c.i.embedder.EclipseLogger - Using 'UTF-8' encoding to copy filtered properties files.
2024-05-29 12:23:28,087 [Worker-4: Build] INFO  o.e.m.c.i.embedder.EclipseLogger - Copying 1 resource
2024-05-29 12:23:28,105 [Worker-4: Build] INFO  o.e.m.c.i.embedder.EclipseLogger - Copying 1 resource
2024-05-29 12:23:28,118 [Worker-4: Build] INFO  o.e.m.c.i.embedder.EclipseLogger - Using 'UTF-8' encoding to copy filtered resources.
2024-05-29 12:23:28,119 [Worker-4: Build] INFO  o.e.m.c.i.embedder.EclipseLogger - Using 'UTF-8' encoding to copy filtered properties files.
2024-05-29 12:23:28,119 [Worker-4: Build] INFO  o.e.m.c.i.embedder.EclipseLogger - Copying 0 resource
2024-05-29 12:23:46,920 [Worker-2: Importing Maven projects] INFO  o.e.m.c.i.l.LifecycleMappingFactory - Using org.maven.ide.eclipse.wtp.WarLifecycleMapping lifecycle mapping for MavenProject: com.org:Spring_security:0.0.1-SNAPSHOT @ D:\springprojects\Spring_security\Spring_security\pom.xml.
2024-05-29 12:23:47,872 [Worker-2: Importing Maven projects] INFO  o.e.m.j.i.AbstractJavaProjectConfigurator - Adding source folder /Spring_security/src/main/java
2024-05-29 12:23:47,872 [Worker-2: Importing Maven projects] INFO  o.e.m.j.i.AbstractJavaProjectConfigurator - Adding resource folder /Spring_security/src/main/resources
2024-05-29 12:23:47,873 [Worker-2: Importing Maven projects] INFO  o.e.m.j.i.AbstractJavaProjectConfigurator - Adding source folder /Spring_security/src/test/java
2024-05-29 12:23:47,874 [Worker-2: Importing Maven projects] INFO  o.e.m.j.i.AbstractJavaProjectConfigurator - Adding resource folder /Spring_security/src/test/resources
2024-05-29 12:23:48,373 [Worker-2: Importing Maven projects] INFO  o.e.m.c.i.p.ProjectConfigurationManager - Imported and configured 1 project(s) in 2 sec
2024-05-29 12:23:48,839 [Worker-9: Building] INFO  o.e.m.c.i.embedder.EclipseLogger - Using 'UTF-8' encoding to copy filtered resources.
2024-05-29 12:23:48,840 [Worker-9: Building] INFO  o.e.m.c.i.embedder.EclipseLogger - Copying 0 resource
2024-05-29 12:23:48,844 [Worker-9: Building] INFO  o.e.m.c.i.embedder.EclipseLogger - Using 'UTF-8' encoding to copy filtered resources.
2024-05-29 12:23:48,844 [Worker-9: Building] INFO  o.e.m.c.i.embedder.EclipseLogger - Copying 0 resource
2024-05-29 12:25:04,697 [Worker-6: Launching Executing clean in D__springprojects_Spring_security_Spring_security] INFO  o.eclipse.m2e.core.internal.Bundles - getClasspathEntries(Bundle=org.eclipse.m2e.maven.runtime_3.9.500.20231113-2345 [1472])
2024-05-29 12:25:04,701 [Worker-6: Launching Executing clean in D__springprojects_Spring_security_Spring_security] INFO  o.eclipse.m2e.core.internal.Bundles - 	Entry: C:\Users\AtluriMukesh\.p2\pool\plugins\org.eclipse.m2e.maven.runtime_3.9.500.20231113-2345
2024-05-29 12:25:04,701 [Worker-6: Launching Executing clean in D__springprojects_Spring_security_Spring_security] INFO  o.eclipse.m2e.core.internal.Bundles - 	Entry: C:\Users\AtluriMukesh\.p2\pool\plugins\org.eclipse.m2e.maven.runtime_3.9.500.20231113-2345\jars\aopalliance-1.0.jar
2024-05-29 12:25:04,702 [Worker-6: Launching Executing clean in D__springprojects_Spring_security_Spring_security] INFO  o.eclipse.m2e.core.internal.Bundles - 	Entry: C:\Users\AtluriMukesh\.p2\pool\plugins\org.eclipse.m2e.maven.runtime_3.9.500.20231113-2345\jars\guice-5.1.0.jar
2024-05-29 12:25:04,702 [Worker-6: Launching Executing clean in D__springprojects_Spring_security_Spring_security] INFO  o.eclipse.m2e.core.internal.Bundles - 	Entry: C:\Users\AtluriMukesh\.p2\pool\plugins\org.eclipse.m2e.maven.runtime_3.9.500.20231113-2345\jars\httpclient-4.5.14.jar
2024-05-29 12:25:04,702 [Worker-6: Launching Executing clean in D__springprojects_Spring_security_Spring_security] INFO  o.eclipse.m2e.core.internal.Bundles - 	Entry: C:\Users\AtluriMukesh\.p2\pool\plugins\org.eclipse.m2e.maven.runtime_3.9.500.20231113-2345\jars\httpcore-4.4.16.jar
2024-05-29 12:25:04,702 [Worker-6: Launching Executing clean in D__springprojects_Spring_security_Spring_security] INFO  o.eclipse.m2e.core.internal.Bundles - 	Entry: C:\Users\AtluriMukesh\.p2\pool\plugins\org.eclipse.m2e.maven.runtime_3.9.500.20231113-2345\jars\jansi-2.4.0.jar
2024-05-29 12:25:04,702 [Worker-6: Launching Executing clean in D__springprojects_Spring_security_Spring_security] INFO  o.eclipse.m2e.core.internal.Bundles - 	Entry: C:\Users\AtluriMukesh\.p2\pool\plugins\org.eclipse.m2e.maven.runtime_3.9.500.20231113-2345\jars\jcl-over-slf4j-1.7.36.jar
2024-05-29 12:25:04,702 [Worker-6: Launching Executing clean in D__springprojects_Spring_security_Spring_security] INFO  o.eclipse.m2e.core.internal.Bundles - 	Entry: C:\Users\AtluriMukesh\.p2\pool\plugins\org.eclipse.m2e.maven.runtime_3.9.500.20231113-2345\jars\maven-artifact-3.9.5.jar
2024-05-29 12:25:04,702 [Worker-6: Launching Executing clean in D__springprojects_Spring_security_Spring_security] INFO  o.eclipse.m2e.core.internal.Bundles - 	Entry: C:\Users\AtluriMukesh\.p2\pool\plugins\org.eclipse.m2e.maven.runtime_3.9.500.20231113-2345\jars\maven-builder-support-3.9.5.jar
2024-05-29 12:25:04,702 [Worker-6: Launching Executing clean in D__springprojects_Spring_security_Spring_security] INFO  o.eclipse.m2e.core.internal.Bundles - 	Entry: C:\Users\AtluriMukesh\.p2\pool\plugins\org.eclipse.m2e.maven.runtime_3.9.500.20231113-2345\jars\maven-compat-3.9.5.jar
2024-05-29 12:25:04,702 [Worker-6: Launching Executing clean in D__springprojects_Spring_security_Spring_security] INFO  o.eclipse.m2e.core.internal.Bundles - 	Entry: C:\Users\AtluriMukesh\.p2\pool\plugins\org.eclipse.m2e.maven.runtime_3.9.500.20231113-2345\jars\maven-core-3.9.5.jar
2024-05-29 12:25:04,703 [Worker-6: Launching Executing clean in D__springprojects_Spring_security_Spring_security] INFO  o.eclipse.m2e.core.internal.Bundles - 	Entry: C:\Users\AtluriMukesh\.p2\pool\plugins\org.eclipse.m2e.maven.runtime_3.9.500.20231113-2345\jars\maven-embedder-3.9.5.jar
2024-05-29 12:25:04,703 [Worker-6: Launching Executing clean in D__springprojects_Spring_security_Spring_security] INFO  o.eclipse.m2e.core.internal.Bundles - 	Entry: C:\Users\AtluriMukesh\.p2\pool\plugins\org.eclipse.m2e.maven.runtime_3.9.500.20231113-2345\jars\maven-model-3.9.5.jar
2024-05-29 12:25:04,703 [Worker-6: Launching Executing clean in D__springprojects_Spring_security_Spring_security] INFO  o.eclipse.m2e.core.internal.Bundles - 	Entry: C:\Users\AtluriMukesh\.p2\pool\plugins\org.eclipse.m2e.maven.runtime_3.9.500.20231113-2345\jars\maven-model-builder-3.9.5.jar
2024-05-29 12:25:04,703 [Worker-6: Launching Executing clean in D__springprojects_Spring_security_Spring_security] INFO  o.eclipse.m2e.core.internal.Bundles - 	Entry: C:\Users\AtluriMukesh\.p2\pool\plugins\org.eclipse.m2e.maven.runtime_3.9.500.20231113-2345\jars\maven-plugin-api-3.9.5.jar
2024-05-29 12:25:04,703 [Worker-6: Launching Executing clean in D__springprojects_Spring_security_Spring_security] INFO  o.eclipse.m2e.core.internal.Bundles - 	Entry: C:\Users\AtluriMukesh\.p2\pool\plugins\org.eclipse.m2e.maven.runtime_3.9.500.20231113-2345\jars\maven-repository-metadata-3.9.5.jar
2024-05-29 12:25:04,703 [Worker-6: Launching Executing clean in D__springprojects_Spring_security_Spring_security] INFO  o.eclipse.m2e.core.internal.Bundles - 	Entry: C:\Users\AtluriMukesh\.p2\pool\plugins\org.eclipse.m2e.maven.runtime_3.9.500.20231113-2345\jars\maven-resolver-api-1.9.16.jar
2024-05-29 12:25:04,703 [Worker-6: Launching Executing clean in D__springprojects_Spring_security_Spring_security] INFO  o.eclipse.m2e.core.internal.Bundles - 	Entry: C:\Users\AtluriMukesh\.p2\pool\plugins\org.eclipse.m2e.maven.runtime_3.9.500.20231113-2345\jars\maven-resolver-connector-basic-1.9.16.jar
2024-05-29 12:25:04,703 [Worker-6: Launching Executing clean in D__springprojects_Spring_security_Spring_security] INFO  o.eclipse.m2e.core.internal.Bundles - 	Entry: C:\Users\AtluriMukesh\.p2\pool\plugins\org.eclipse.m2e.maven.runtime_3.9.500.20231113-2345\jars\maven-resolver-impl-1.9.16.jar
2024-05-29 12:25:04,704 [Worker-6: Launching Executing clean in D__springprojects_Spring_security_Spring_security] INFO  o.eclipse.m2e.core.internal.Bundles - 	Entry: C:\Users\AtluriMukesh\.p2\pool\plugins\org.eclipse.m2e.maven.runtime_3.9.500.20231113-2345\jars\maven-resolver-named-locks-1.9.16.jar
2024-05-29 12:25:04,704 [Worker-6: Launching Executing clean in D__springprojects_Spring_security_Spring_security] INFO  o.eclipse.m2e.core.internal.Bundles - 	Entry: C:\Users\AtluriMukesh\.p2\pool\plugins\org.eclipse.m2e.maven.runtime_3.9.500.20231113-2345\jars\maven-resolver-provider-3.9.5.jar
2024-05-29 12:25:04,704 [Worker-6: Launching Executing clean in D__springprojects_Spring_security_Spring_security] INFO  o.eclipse.m2e.core.internal.Bundles - 	Entry: C:\Users\AtluriMukesh\.p2\pool\plugins\org.eclipse.m2e.maven.runtime_3.9.500.20231113-2345\jars\maven-resolver-spi-1.9.16.jar
2024-05-29 12:25:04,704 [Worker-6: Launching Executing clean in D__springprojects_Spring_security_Spring_security] INFO  o.eclipse.m2e.core.internal.Bundles - 	Entry: C:\Users\AtluriMukesh\.p2\pool\plugins\org.eclipse.m2e.maven.runtime_3.9.500.20231113-2345\jars\maven-resolver-transport-file-1.9.16.jar
2024-05-29 12:25:04,704 [Worker-6: Launching Executing clean in D__springprojects_Spring_security_Spring_security] INFO  o.eclipse.m2e.core.internal.Bundles - 	Entry: C:\Users\AtluriMukesh\.p2\pool\plugins\org.eclipse.m2e.maven.runtime_3.9.500.20231113-2345\jars\maven-resolver-transport-http-1.9.16.jar
2024-05-29 12:25:04,704 [Worker-6: Launching Executing clean in D__springprojects_Spring_security_Spring_security] INFO  o.eclipse.m2e.core.internal.Bundles - 	Entry: C:\Users\AtluriMukesh\.p2\pool\plugins\org.eclipse.m2e.maven.runtime_3.9.500.20231113-2345\jars\maven-resolver-transport-wagon-1.9.16.jar
2024-05-29 12:25:04,705 [Worker-6: Launching Executing clean in D__springprojects_Spring_security_Spring_security] INFO  o.eclipse.m2e.core.internal.Bundles - 	Entry: C:\Users\AtluriMukesh\.p2\pool\plugins\org.eclipse.m2e.maven.runtime_3.9.500.20231113-2345\jars\maven-resolver-util-1.9.16.jar
2024-05-29 12:25:04,705 [Worker-6: Launching Executing clean in D__springprojects_Spring_security_Spring_security] INFO  o.eclipse.m2e.core.internal.Bundles - 	Entry: C:\Users\AtluriMukesh\.p2\pool\plugins\org.eclipse.m2e.maven.runtime_3.9.500.20231113-2345\jars\maven-settings-3.9.5.jar
2024-05-29 12:25:04,705 [Worker-6: Launching Executing clean in D__springprojects_Spring_security_Spring_security] INFO  o.eclipse.m2e.core.internal.Bundles - 	Entry: C:\Users\AtluriMukesh\.p2\pool\plugins\org.eclipse.m2e.maven.runtime_3.9.500.20231113-2345\jars\maven-settings-builder-3.9.5.jar
2024-05-29 12:25:04,705 [Worker-6: Launching Executing clean in D__springprojects_Spring_security_Spring_security] INFO  o.eclipse.m2e.core.internal.Bundles - 	Entry: C:\Users\AtluriMukesh\.p2\pool\plugins\org.eclipse.m2e.maven.runtime_3.9.500.20231113-2345\jars\maven-shared-utils-3.3.4.jar
2024-05-29 12:25:04,705 [Worker-6: Launching Executing clean in D__springprojects_Spring_security_Spring_security] INFO  o.eclipse.m2e.core.internal.Bundles - 	Entry: C:\Users\AtluriMukesh\.p2\pool\plugins\org.eclipse.m2e.maven.runtime_3.9.500.20231113-2345\jars\org.eclipse.sisu.inject-0.3.5.jar
2024-05-29 12:25:04,705 [Worker-6: Launching Executing clean in D__springprojects_Spring_security_Spring_security] INFO  o.eclipse.m2e.core.internal.Bundles - 	Entry: C:\Users\AtluriMukesh\.p2\pool\plugins\org.eclipse.m2e.maven.runtime_3.9.500.20231113-2345\jars\org.eclipse.sisu.plexus-0.3.5.jar
2024-05-29 12:25:04,705 [Worker-6: Launching Executing clean in D__springprojects_Spring_security_Spring_security] INFO  o.eclipse.m2e.core.internal.Bundles - 	Entry: C:\Users\AtluriMukesh\.p2\pool\plugins\org.eclipse.m2e.maven.runtime_3.9.500.20231113-2345\jars\plexus-build-api-0.0.7.jar
2024-05-29 12:25:04,705 [Worker-6: Launching Executing clean in D__springprojects_Spring_security_Spring_security] INFO  o.eclipse.m2e.core.internal.Bundles - 	Entry: C:\Users\AtluriMukesh\.p2\pool\plugins\org.eclipse.m2e.maven.runtime_3.9.500.20231113-2345\jars\plexus-cipher-2.0.jar
2024-05-29 12:25:04,705 [Worker-6: Launching Executing clean in D__springprojects_Spring_security_Spring_security] INFO  o.eclipse.m2e.core.internal.Bundles - 	Entry: C:\Users\AtluriMukesh\.p2\pool\plugins\org.eclipse.m2e.maven.runtime_3.9.500.20231113-2345\jars\plexus-classworlds-2.7.0.jar
2024-05-29 12:25:04,706 [Worker-6: Launching Executing clean in D__springprojects_Spring_security_Spring_security] INFO  o.eclipse.m2e.core.internal.Bundles - 	Entry: C:\Users\AtluriMukesh\.p2\pool\plugins\org.eclipse.m2e.maven.runtime_3.9.500.20231113-2345\jars\plexus-component-annotations-2.1.0.jar
2024-05-29 12:25:04,706 [Worker-6: Launching Executing clean in D__springprojects_Spring_security_Spring_security] INFO  o.eclipse.m2e.core.internal.Bundles - 	Entry: C:\Users\AtluriMukesh\.p2\pool\plugins\org.eclipse.m2e.maven.runtime_3.9.500.20231113-2345\jars\plexus-interpolation-1.26.jar
2024-05-29 12:25:04,706 [Worker-6: Launching Executing clean in D__springprojects_Spring_security_Spring_security] INFO  o.eclipse.m2e.core.internal.Bundles - 	Entry: C:\Users\AtluriMukesh\.p2\pool\plugins\org.eclipse.m2e.maven.runtime_3.9.500.20231113-2345\jars\plexus-sec-dispatcher-2.0.jar
2024-05-29 12:25:04,706 [Worker-6: Launching Executing clean in D__springprojects_Spring_security_Spring_security] INFO  o.eclipse.m2e.core.internal.Bundles - 	Entry: C:\Users\AtluriMukesh\.p2\pool\plugins\org.eclipse.m2e.maven.runtime_3.9.500.20231113-2345\jars\plexus-utils-3.5.1.jar
2024-05-29 12:25:04,706 [Worker-6: Launching Executing clean in D__springprojects_Spring_security_Spring_security] INFO  o.eclipse.m2e.core.internal.Bundles - 	Entry: C:\Users\AtluriMukesh\.p2\pool\plugins\org.eclipse.m2e.maven.runtime_3.9.500.20231113-2345\jars\wagon-file-3.5.3.jar
2024-05-29 12:25:04,706 [Worker-6: Launching Executing clean in D__springprojects_Spring_security_Spring_security] INFO  o.eclipse.m2e.core.internal.Bundles - 	Entry: C:\Users\AtluriMukesh\.p2\pool\plugins\org.eclipse.m2e.maven.runtime_3.9.500.20231113-2345\jars\wagon-http-3.5.3.jar
2024-05-29 12:25:04,706 [Worker-6: Launching Executing clean in D__springprojects_Spring_security_Spring_security] INFO  o.eclipse.m2e.core.internal.Bundles - 	Entry: C:\Users\AtluriMukesh\.p2\pool\plugins\org.eclipse.m2e.maven.runtime_3.9.500.20231113-2345\jars\wagon-http-shared-3.5.3.jar
2024-05-29 12:25:04,706 [Worker-6: Launching Executing clean in D__springprojects_Spring_security_Spring_security] INFO  o.eclipse.m2e.core.internal.Bundles - 	Entry: C:\Users\AtluriMukesh\.p2\pool\plugins\org.eclipse.m2e.maven.runtime_3.9.500.20231113-2345\jars\wagon-provider-api-3.5.3.jar
2024-05-29 12:25:04,707 [Worker-6: Launching Executing clean in D__springprojects_Spring_security_Spring_security] INFO  o.eclipse.m2e.core.internal.Bundles - getClasspathEntries(Bundle=com.google.guava_32.1.3.jre [985])
2024-05-29 12:25:04,708 [Worker-6: Launching Executing clean in D__springprojects_Spring_security_Spring_security] INFO  o.eclipse.m2e.core.internal.Bundles - 	Entry: C:\Users\AtluriMukesh\.p2\pool\plugins\com.google.guava_32.1.3.jre.jar
2024-05-29 12:25:04,708 [Worker-6: Launching Executing clean in D__springprojects_Spring_security_Spring_security] INFO  o.eclipse.m2e.core.internal.Bundles - getClasspathEntries(Bundle=slf4j.api_2.0.9 [1725])
2024-05-29 12:25:04,708 [Worker-6: Launching Executing clean in D__springprojects_Spring_security_Spring_security] INFO  o.eclipse.m2e.core.internal.Bundles - 	Entry: C:\Users\AtluriMukesh\.p2\pool\plugins\slf4j.api_2.0.9.jar
2024-05-29 12:25:04,708 [Worker-6: Launching Executing clean in D__springprojects_Spring_security_Spring_security] INFO  o.eclipse.m2e.core.internal.Bundles - getClasspathEntries(Bundle=javax.inject_1.0.0.v20220405-0441 [37])
2024-05-29 12:25:04,709 [Worker-6: Launching Executing clean in D__springprojects_Spring_security_Spring_security] INFO  o.eclipse.m2e.core.internal.Bundles - 	Entry: C:\Users\AtluriMukesh\.p2\pool\plugins\javax.inject_1.0.0.v20220405-0441.jar
2024-05-29 12:25:04,709 [Worker-6: Launching Executing clean in D__springprojects_Spring_security_Spring_security] INFO  o.eclipse.m2e.core.internal.Bundles - getClasspathEntries(Bundle=javax.annotation_1.3.5.v20230504-0748 [35])
2024-05-29 12:25:04,709 [Worker-6: Launching Executing clean in D__springprojects_Spring_security_Spring_security] INFO  o.eclipse.m2e.core.internal.Bundles - 	Entry: C:\Users\AtluriMukesh\.p2\pool\plugins\javax.annotation_1.3.5.v20230504-0748.jar
2024-05-29 12:25:04,709 [Worker-6: Launching Executing clean in D__springprojects_Spring_security_Spring_security] INFO  o.eclipse.m2e.core.internal.Bundles - getClasspathEntries(Bundle=org.apache.commons.cli_1.6.0 [1025])
2024-05-29 12:25:04,709 [Worker-6: Launching Executing clean in D__springprojects_Spring_security_Spring_security] INFO  o.eclipse.m2e.core.internal.Bundles - 	Entry: C:\Users\AtluriMukesh\.p2\pool\plugins\org.apache.commons.cli_1.6.0.jar
2024-05-29 12:25:04,709 [Worker-6: Launching Executing clean in D__springprojects_Spring_security_Spring_security] INFO  o.eclipse.m2e.core.internal.Bundles - getClasspathEntries(Bundle=org.apache.commons.commons-codec_1.16.0 [1027])
2024-05-29 12:25:04,710 [Worker-6: Launching Executing clean in D__springprojects_Spring_security_Spring_security] INFO  o.eclipse.m2e.core.internal.Bundles - 	Entry: C:\Users\AtluriMukesh\.p2\pool\plugins\org.apache.commons.commons-codec_1.16.0.jar
2024-05-29 12:25:04,710 [Worker-6: Launching Executing clean in D__springprojects_Spring_security_Spring_security] INFO  o.eclipse.m2e.core.internal.Bundles - getClasspathEntries(Bundle=org.apache.commons.lang3_3.13.0 [1032])
2024-05-29 12:25:04,710 [Worker-6: Launching Executing clean in D__springprojects_Spring_security_Spring_security] INFO  o.eclipse.m2e.core.internal.Bundles - 	Entry: C:\Users\AtluriMukesh\.p2\pool\plugins\org.apache.commons.lang3_3.13.0.jar
2024-05-29 12:25:04,710 [Worker-6: Launching Executing clean in D__springprojects_Spring_security_Spring_security] INFO  o.eclipse.m2e.core.internal.Bundles - getClasspathEntries(Bundle=com.google.guava.failureaccess_1.0.2 [986])
2024-05-29 12:25:04,710 [Worker-6: Launching Executing clean in D__springprojects_Spring_security_Spring_security] INFO  o.eclipse.m2e.core.internal.Bundles - 	Entry: C:\Users\AtluriMukesh\.p2\pool\plugins\com.google.guava.failureaccess_1.0.2.jar
2024-05-29 12:25:04,714 [Worker-6: Launching Executing clean in D__springprojects_Spring_security_Spring_security] INFO  o.e.m.i.launch.MavenLaunchDelegate - Run build in "D:\springprojects\Spring_security\Spring_security":
2024-05-29 12:25:04,718 [Worker-6: Launching Executing clean in D__springprojects_Spring_security_Spring_security] INFO  o.e.m.i.launch.MavenLaunchDelegate -  mvn  -B -Dstyle.color=always clean
2024-05-29 12:25:13,259 [Worker-12: Launching Executing install in D__springprojects_Spring_security_Spring_security] INFO  o.eclipse.m2e.core.internal.Bundles - getClasspathEntries(Bundle=org.eclipse.m2e.maven.runtime_3.9.500.20231113-2345 [1472])
2024-05-29 12:25:13,260 [Worker-12: Launching Executing install in D__springprojects_Spring_security_Spring_security] INFO  o.eclipse.m2e.core.internal.Bundles - 	Entry: C:\Users\AtluriMukesh\.p2\pool\plugins\org.eclipse.m2e.maven.runtime_3.9.500.20231113-2345
2024-05-29 12:25:13,261 [Worker-12: Launching Executing install in D__springprojects_Spring_security_Spring_security] INFO  o.eclipse.m2e.core.internal.Bundles - 	Entry: C:\Users\AtluriMukesh\.p2\pool\plugins\org.eclipse.m2e.maven.runtime_3.9.500.20231113-2345\jars\aopalliance-1.0.jar
2024-05-29 12:25:13,261 [Worker-12: Launching Executing install in D__springprojects_Spring_security_Spring_security] INFO  o.eclipse.m2e.core.internal.Bundles - 	Entry: C:\Users\AtluriMukesh\.p2\pool\plugins\org.eclipse.m2e.maven.runtime_3.9.500.20231113-2345\jars\guice-5.1.0.jar
2024-05-29 12:25:13,262 [Worker-12: Launching Executing install in D__springprojects_Spring_security_Spring_security] INFO  o.eclipse.m2e.core.internal.Bundles - 	Entry: C:\Users\AtluriMukesh\.p2\pool\plugins\org.eclipse.m2e.maven.runtime_3.9.500.20231113-2345\jars\httpclient-4.5.14.jar
2024-05-29 12:25:13,262 [Worker-12: Launching Executing install in D__springprojects_Spring_security_Spring_security] INFO  o.eclipse.m2e.core.internal.Bundles - 	Entry: C:\Users\AtluriMukesh\.p2\pool\plugins\org.eclipse.m2e.maven.runtime_3.9.500.20231113-2345\jars\httpcore-4.4.16.jar
2024-05-29 12:25:13,263 [Worker-12: Launching Executing install in D__springprojects_Spring_security_Spring_security] INFO  o.eclipse.m2e.core.internal.Bundles - 	Entry: C:\Users\AtluriMukesh\.p2\pool\plugins\org.eclipse.m2e.maven.runtime_3.9.500.20231113-2345\jars\jansi-2.4.0.jar
2024-05-29 12:25:13,263 [Worker-12: Launching Executing install in D__springprojects_Spring_security_Spring_security] INFO  o.eclipse.m2e.core.internal.Bundles - 	Entry: C:\Users\AtluriMukesh\.p2\pool\plugins\org.eclipse.m2e.maven.runtime_3.9.500.20231113-2345\jars\jcl-over-slf4j-1.7.36.jar
2024-05-29 12:25:13,263 [Worker-12: Launching Executing install in D__springprojects_Spring_security_Spring_security] INFO  o.eclipse.m2e.core.internal.Bundles - 	Entry: C:\Users\AtluriMukesh\.p2\pool\plugins\org.eclipse.m2e.maven.runtime_3.9.500.20231113-2345\jars\maven-artifact-3.9.5.jar
2024-05-29 12:25:13,263 [Worker-12: Launching Executing install in D__springprojects_Spring_security_Spring_security] INFO  o.eclipse.m2e.core.internal.Bundles - 	Entry: C:\Users\AtluriMukesh\.p2\pool\plugins\org.eclipse.m2e.maven.runtime_3.9.500.20231113-2345\jars\maven-builder-support-3.9.5.jar
2024-05-29 12:25:13,264 [Worker-12: Launching Executing install in D__springprojects_Spring_security_Spring_security] INFO  o.eclipse.m2e.core.internal.Bundles - 	Entry: C:\Users\AtluriMukesh\.p2\pool\plugins\org.eclipse.m2e.maven.runtime_3.9.500.20231113-2345\jars\maven-compat-3.9.5.jar
2024-05-29 12:25:13,264 [Worker-12: Launching Executing install in D__springprojects_Spring_security_Spring_security] INFO  o.eclipse.m2e.core.internal.Bundles - 	Entry: C:\Users\AtluriMukesh\.p2\pool\plugins\org.eclipse.m2e.maven.runtime_3.9.500.20231113-2345\jars\maven-core-3.9.5.jar
2024-05-29 12:25:13,264 [Worker-12: Launching Executing install in D__springprojects_Spring_security_Spring_security] INFO  o.eclipse.m2e.core.internal.Bundles - 	Entry: C:\Users\AtluriMukesh\.p2\pool\plugins\org.eclipse.m2e.maven.runtime_3.9.500.20231113-2345\jars\maven-embedder-3.9.5.jar
2024-05-29 12:25:13,264 [Worker-12: Launching Executing install in D__springprojects_Spring_security_Spring_security] INFO  o.eclipse.m2e.core.internal.Bundles - 	Entry: C:\Users\AtluriMukesh\.p2\pool\plugins\org.eclipse.m2e.maven.runtime_3.9.500.20231113-2345\jars\maven-model-3.9.5.jar
2024-05-29 12:25:13,265 [Worker-12: Launching Executing install in D__springprojects_Spring_security_Spring_security] INFO  o.eclipse.m2e.core.internal.Bundles - 	Entry: C:\Users\AtluriMukesh\.p2\pool\plugins\org.eclipse.m2e.maven.runtime_3.9.500.20231113-2345\jars\maven-model-builder-3.9.5.jar
2024-05-29 12:25:13,265 [Worker-12: Launching Executing install in D__springprojects_Spring_security_Spring_security] INFO  o.eclipse.m2e.core.internal.Bundles - 	Entry: C:\Users\AtluriMukesh\.p2\pool\plugins\org.eclipse.m2e.maven.runtime_3.9.500.20231113-2345\jars\maven-plugin-api-3.9.5.jar
2024-05-29 12:25:13,265 [Worker-12: Launching Executing install in D__springprojects_Spring_security_Spring_security] INFO  o.eclipse.m2e.core.internal.Bundles - 	Entry: C:\Users\AtluriMukesh\.p2\pool\plugins\org.eclipse.m2e.maven.runtime_3.9.500.20231113-2345\jars\maven-repository-metadata-3.9.5.jar
2024-05-29 12:25:13,268 [Worker-12: Launching Executing install in D__springprojects_Spring_security_Spring_security] INFO  o.eclipse.m2e.core.internal.Bundles - 	Entry: C:\Users\AtluriMukesh\.p2\pool\plugins\org.eclipse.m2e.maven.runtime_3.9.500.20231113-2345\jars\maven-resolver-api-1.9.16.jar
2024-05-29 12:25:13,272 [Worker-12: Launching Executing install in D__springprojects_Spring_security_Spring_security] INFO  o.eclipse.m2e.core.internal.Bundles - 	Entry: C:\Users\AtluriMukesh\.p2\pool\plugins\org.eclipse.m2e.maven.runtime_3.9.500.20231113-2345\jars\maven-resolver-connector-basic-1.9.16.jar
2024-05-29 12:25:13,274 [Worker-12: Launching Executing install in D__springprojects_Spring_security_Spring_security] INFO  o.eclipse.m2e.core.internal.Bundles - 	Entry: C:\Users\AtluriMukesh\.p2\pool\plugins\org.eclipse.m2e.maven.runtime_3.9.500.20231113-2345\jars\maven-resolver-impl-1.9.16.jar
2024-05-29 12:25:13,274 [Worker-12: Launching Executing install in D__springprojects_Spring_security_Spring_security] INFO  o.eclipse.m2e.core.internal.Bundles - 	Entry: C:\Users\AtluriMukesh\.p2\pool\plugins\org.eclipse.m2e.maven.runtime_3.9.500.20231113-2345\jars\maven-resolver-named-locks-1.9.16.jar
2024-05-29 12:25:13,275 [Worker-12: Launching Executing install in D__springprojects_Spring_security_Spring_security] INFO  o.eclipse.m2e.core.internal.Bundles - 	Entry: C:\Users\AtluriMukesh\.p2\pool\plugins\org.eclipse.m2e.maven.runtime_3.9.500.20231113-2345\jars\maven-resolver-provider-3.9.5.jar
2024-05-29 12:25:13,275 [Worker-12: Launching Executing install in D__springprojects_Spring_security_Spring_security] INFO  o.eclipse.m2e.core.internal.Bundles - 	Entry: C:\Users\AtluriMukesh\.p2\pool\plugins\org.eclipse.m2e.maven.runtime_3.9.500.20231113-2345\jars\maven-resolver-spi-1.9.16.jar
2024-05-29 12:25:13,275 [Worker-12: Launching Executing install in D__springprojects_Spring_security_Spring_security] INFO  o.eclipse.m2e.core.internal.Bundles - 	Entry: C:\Users\AtluriMukesh\.p2\pool\plugins\org.eclipse.m2e.maven.runtime_3.9.500.20231113-2345\jars\maven-resolver-transport-file-1.9.16.jar
2024-05-29 12:25:13,275 [Worker-12: Launching Executing install in D__springprojects_Spring_security_Spring_security] INFO  o.eclipse.m2e.core.internal.Bundles - 	Entry: C:\Users\AtluriMukesh\.p2\pool\plugins\org.eclipse.m2e.maven.runtime_3.9.500.20231113-2345\jars\maven-resolver-transport-http-1.9.16.jar
2024-05-29 12:25:13,276 [Worker-12: Launching Executing install in D__springprojects_Spring_security_Spring_security] INFO  o.eclipse.m2e.core.internal.Bundles - 	Entry: C:\Users\AtluriMukesh\.p2\pool\plugins\org.eclipse.m2e.maven.runtime_3.9.500.20231113-2345\jars\maven-resolver-transport-wagon-1.9.16.jar
2024-05-29 12:25:13,276 [Worker-12: Launching Executing install in D__springprojects_Spring_security_Spring_security] INFO  o.eclipse.m2e.core.internal.Bundles - 	Entry: C:\Users\AtluriMukesh\.p2\pool\plugins\org.eclipse.m2e.maven.runtime_3.9.500.20231113-2345\jars\maven-resolver-util-1.9.16.jar
2024-05-29 12:25:13,276 [Worker-12: Launching Executing install in D__springprojects_Spring_security_Spring_security] INFO  o.eclipse.m2e.core.internal.Bundles - 	Entry: C:\Users\AtluriMukesh\.p2\pool\plugins\org.eclipse.m2e.maven.runtime_3.9.500.20231113-2345\jars\maven-settings-3.9.5.jar
2024-05-29 12:25:13,276 [Worker-12: Launching Executing install in D__springprojects_Spring_security_Spring_security] INFO  o.eclipse.m2e.core.internal.Bundles - 	Entry: C:\Users\AtluriMukesh\.p2\pool\plugins\org.eclipse.m2e.maven.runtime_3.9.500.20231113-2345\jars\maven-settings-builder-3.9.5.jar
2024-05-29 12:25:13,276 [Worker-12: Launching Executing install in D__springprojects_Spring_security_Spring_security] INFO  o.eclipse.m2e.core.internal.Bundles - 	Entry: C:\Users\AtluriMukesh\.p2\pool\plugins\org.eclipse.m2e.maven.runtime_3.9.500.20231113-2345\jars\maven-shared-utils-3.3.4.jar
2024-05-29 12:25:13,277 [Worker-12: Launching Executing install in D__springprojects_Spring_security_Spring_security] INFO  o.eclipse.m2e.core.internal.Bundles - 	Entry: C:\Users\AtluriMukesh\.p2\pool\plugins\org.eclipse.m2e.maven.runtime_3.9.500.20231113-2345\jars\org.eclipse.sisu.inject-0.3.5.jar
2024-05-29 12:25:13,277 [Worker-12: Launching Executing install in D__springprojects_Spring_security_Spring_security] INFO  o.eclipse.m2e.core.internal.Bundles - 	Entry: C:\Users\AtluriMukesh\.p2\pool\plugins\org.eclipse.m2e.maven.runtime_3.9.500.20231113-2345\jars\org.eclipse.sisu.plexus-0.3.5.jar
2024-05-29 12:25:13,277 [Worker-12: Launching Executing install in D__springprojects_Spring_security_Spring_security] INFO  o.eclipse.m2e.core.internal.Bundles - 	Entry: C:\Users\AtluriMukesh\.p2\pool\plugins\org.eclipse.m2e.maven.runtime_3.9.500.20231113-2345\jars\plexus-build-api-0.0.7.jar
2024-05-29 12:25:13,277 [Worker-12: Launching Executing install in D__springprojects_Spring_security_Spring_security] INFO  o.eclipse.m2e.core.internal.Bundles - 	Entry: C:\Users\AtluriMukesh\.p2\pool\plugins\org.eclipse.m2e.maven.runtime_3.9.500.20231113-2345\jars\plexus-cipher-2.0.jar
2024-05-29 12:25:13,278 [Worker-12: Launching Executing install in D__springprojects_Spring_security_Spring_security] INFO  o.eclipse.m2e.core.internal.Bundles - 	Entry: C:\Users\AtluriMukesh\.p2\pool\plugins\org.eclipse.m2e.maven.runtime_3.9.500.20231113-2345\jars\plexus-classworlds-2.7.0.jar
2024-05-29 12:25:13,281 [Worker-12: Launching Executing install in D__springprojects_Spring_security_Spring_security] INFO  o.eclipse.m2e.core.internal.Bundles - 	Entry: C:\Users\AtluriMukesh\.p2\pool\plugins\org.eclipse.m2e.maven.runtime_3.9.500.20231113-2345\jars\plexus-component-annotations-2.1.0.jar
2024-05-29 12:25:13,281 [Worker-12: Launching Executing install in D__springprojects_Spring_security_Spring_security] INFO  o.eclipse.m2e.core.internal.Bundles - 	Entry: C:\Users\AtluriMukesh\.p2\pool\plugins\org.eclipse.m2e.maven.runtime_3.9.500.20231113-2345\jars\plexus-interpolation-1.26.jar
2024-05-29 12:25:13,281 [Worker-12: Launching Executing install in D__springprojects_Spring_security_Spring_security] INFO  o.eclipse.m2e.core.internal.Bundles - 	Entry: C:\Users\AtluriMukesh\.p2\pool\plugins\org.eclipse.m2e.maven.runtime_3.9.500.20231113-2345\jars\plexus-sec-dispatcher-2.0.jar
2024-05-29 12:25:13,282 [Worker-12: Launching Executing install in D__springprojects_Spring_security_Spring_security] INFO  o.eclipse.m2e.core.internal.Bundles - 	Entry: C:\Users\AtluriMukesh\.p2\pool\plugins\org.eclipse.m2e.maven.runtime_3.9.500.20231113-2345\jars\plexus-utils-3.5.1.jar
2024-05-29 12:25:13,282 [Worker-12: Launching Executing install in D__springprojects_Spring_security_Spring_security] INFO  o.eclipse.m2e.core.internal.Bundles - 	Entry: C:\Users\AtluriMukesh\.p2\pool\plugins\org.eclipse.m2e.maven.runtime_3.9.500.20231113-2345\jars\wagon-file-3.5.3.jar
2024-05-29 12:25:13,282 [Worker-12: Launching Executing install in D__springprojects_Spring_security_Spring_security] INFO  o.eclipse.m2e.core.internal.Bundles - 	Entry: C:\Users\AtluriMukesh\.p2\pool\plugins\org.eclipse.m2e.maven.runtime_3.9.500.20231113-2345\jars\wagon-http-3.5.3.jar
2024-05-29 12:25:13,282 [Worker-12: Launching Executing install in D__springprojects_Spring_security_Spring_security] INFO  o.eclipse.m2e.core.internal.Bundles - 	Entry: C:\Users\AtluriMukesh\.p2\pool\plugins\org.eclipse.m2e.maven.runtime_3.9.500.20231113-2345\jars\wagon-http-shared-3.5.3.jar
2024-05-29 12:25:13,284 [Worker-12: Launching Executing install in D__springprojects_Spring_security_Spring_security] INFO  o.eclipse.m2e.core.internal.Bundles - 	Entry: C:\Users\AtluriMukesh\.p2\pool\plugins\org.eclipse.m2e.maven.runtime_3.9.500.20231113-2345\jars\wagon-provider-api-3.5.3.jar
2024-05-29 12:25:13,286 [Worker-12: Launching Executing install in D__springprojects_Spring_security_Spring_security] INFO  o.eclipse.m2e.core.internal.Bundles - getClasspathEntries(Bundle=com.google.guava_32.1.3.jre [985])
2024-05-29 12:25:13,286 [Worker-12: Launching Executing install in D__springprojects_Spring_security_Spring_security] INFO  o.eclipse.m2e.core.internal.Bundles - 	Entry: C:\Users\AtluriMukesh\.p2\pool\plugins\com.google.guava_32.1.3.jre.jar
2024-05-29 12:25:13,286 [Worker-12: Launching Executing install in D__springprojects_Spring_security_Spring_security] INFO  o.eclipse.m2e.core.internal.Bundles - getClasspathEntries(Bundle=slf4j.api_2.0.9 [1725])
2024-05-29 12:25:13,287 [Worker-12: Launching Executing install in D__springprojects_Spring_security_Spring_security] INFO  o.eclipse.m2e.core.internal.Bundles - 	Entry: C:\Users\AtluriMukesh\.p2\pool\plugins\slf4j.api_2.0.9.jar
2024-05-29 12:25:13,288 [Worker-12: Launching Executing install in D__springprojects_Spring_security_Spring_security] INFO  o.eclipse.m2e.core.internal.Bundles - getClasspathEntries(Bundle=javax.inject_1.0.0.v20220405-0441 [37])
2024-05-29 12:25:13,289 [Worker-12: Launching Executing install in D__springprojects_Spring_security_Spring_security] INFO  o.eclipse.m2e.core.internal.Bundles - 	Entry: C:\Users\AtluriMukesh\.p2\pool\plugins\javax.inject_1.0.0.v20220405-0441.jar
2024-05-29 12:25:13,290 [Worker-12: Launching Executing install in D__springprojects_Spring_security_Spring_security] INFO  o.eclipse.m2e.core.internal.Bundles - getClasspathEntries(Bundle=javax.annotation_1.3.5.v20230504-0748 [35])
2024-05-29 12:25:13,292 [Worker-12: Launching Executing install in D__springprojects_Spring_security_Spring_security] INFO  o.eclipse.m2e.core.internal.Bundles - 	Entry: C:\Users\AtluriMukesh\.p2\pool\plugins\javax.annotation_1.3.5.v20230504-0748.jar
2024-05-29 12:25:13,292 [Worker-12: Launching Executing install in D__springprojects_Spring_security_Spring_security] INFO  o.eclipse.m2e.core.internal.Bundles - getClasspathEntries(Bundle=org.apache.commons.cli_1.6.0 [1025])
2024-05-29 12:25:13,294 [Worker-12: Launching Executing install in D__springprojects_Spring_security_Spring_security] INFO  o.eclipse.m2e.core.internal.Bundles - 	Entry: C:\Users\AtluriMukesh\.p2\pool\plugins\org.apache.commons.cli_1.6.0.jar
2024-05-29 12:25:13,294 [Worker-12: Launching Executing install in D__springprojects_Spring_security_Spring_security] INFO  o.eclipse.m2e.core.internal.Bundles - getClasspathEntries(Bundle=org.apache.commons.commons-codec_1.16.0 [1027])
2024-05-29 12:25:13,295 [Worker-12: Launching Executing install in D__springprojects_Spring_security_Spring_security] INFO  o.eclipse.m2e.core.internal.Bundles - 	Entry: C:\Users\AtluriMukesh\.p2\pool\plugins\org.apache.commons.commons-codec_1.16.0.jar
2024-05-29 12:25:13,295 [Worker-12: Launching Executing install in D__springprojects_Spring_security_Spring_security] INFO  o.eclipse.m2e.core.internal.Bundles - getClasspathEntries(Bundle=org.apache.commons.lang3_3.13.0 [1032])
2024-05-29 12:25:13,296 [Worker-12: Launching Executing install in D__springprojects_Spring_security_Spring_security] INFO  o.eclipse.m2e.core.internal.Bundles - 	Entry: C:\Users\AtluriMukesh\.p2\pool\plugins\org.apache.commons.lang3_3.13.0.jar
2024-05-29 12:25:13,296 [Worker-12: Launching Executing install in D__springprojects_Spring_security_Spring_security] INFO  o.eclipse.m2e.core.internal.Bundles - getClasspathEntries(Bundle=com.google.guava.failureaccess_1.0.2 [986])
2024-05-29 12:25:13,296 [Worker-12: Launching Executing install in D__springprojects_Spring_security_Spring_security] INFO  o.eclipse.m2e.core.internal.Bundles - 	Entry: C:\Users\AtluriMukesh\.p2\pool\plugins\com.google.guava.failureaccess_1.0.2.jar
2024-05-29 12:25:13,297 [Worker-12: Launching Executing install in D__springprojects_Spring_security_Spring_security] INFO  o.e.m.i.launch.MavenLaunchDelegate - Run build in "D:\springprojects\Spring_security\Spring_security":
2024-05-29 12:25:13,297 [Worker-12: Launching Executing install in D__springprojects_Spring_security_Spring_security] INFO  o.e.m.i.launch.MavenLaunchDelegate -  mvn  -B -Dstyle.color=always install
2024-05-29 12:25:29,783 [Worker-7: Updating Maven Project] INFO  o.e.m.c.i.p.ProjectConfigurationManager - Update started
2024-05-29 12:25:30,234 [Worker-7: Updating Maven Project] INFO  o.e.m.c.i.l.LifecycleMappingFactory - Using org.maven.ide.eclipse.wtp.WarLifecycleMapping lifecycle mapping for MavenProject: com.org:Spring_security:0.0.1-SNAPSHOT @ D:\springprojects\Spring_security\Spring_security\pom.xml.
2024-05-29 12:25:30,734 [Worker-7: Updating Maven Project] INFO  o.e.m.j.i.AbstractJavaProjectConfigurator - Adding source folder /Spring_security/src/main/java
2024-05-29 12:25:30,734 [Worker-7: Updating Maven Project] INFO  o.e.m.j.i.AbstractJavaProjectConfigurator - Adding resource folder /Spring_security/src/main/resources
2024-05-29 12:25:30,734 [Worker-7: Updating Maven Project] INFO  o.e.m.j.i.AbstractJavaProjectConfigurator - Adding source folder /Spring_security/src/test/java
2024-05-29 12:25:30,734 [Worker-7: Updating Maven Project] INFO  o.e.m.j.i.AbstractJavaProjectConfigurator - Adding resource folder /Spring_security/src/test/resources
2024-05-29 12:25:31,027 [Worker-7: Updating Maven Project] INFO  o.e.m.w.i.f.ResourceFilteringBuildParticipant - Cleaning filtered folder for Spring_security
2024-05-29 12:25:31,059 [Worker-7: Updating Maven Project] INFO  o.e.m.c.i.p.ProjectConfigurationManager - Update completed for 1 poms: local refresh takes 0.00 sec, refresh facades takes 0.00 sec, update config takes 0.00 sec 
2024-05-29 12:25:32,513 [Worker-2: Building] INFO  o.e.m.c.i.embedder.EclipseLogger - Using 'UTF-8' encoding to copy filtered resources.
2024-05-29 12:25:32,513 [Worker-2: Building] INFO  o.e.m.c.i.embedder.EclipseLogger - Copying 0 resource
2024-05-29 12:25:32,520 [Worker-2: Building] INFO  o.e.m.c.i.embedder.EclipseLogger - Using 'UTF-8' encoding to copy filtered resources.
2024-05-29 12:25:32,520 [Worker-2: Building] INFO  o.e.m.c.i.embedder.EclipseLogger - Copying 0 resource
2024-05-29 12:25:32,520 [Worker-2: Building] INFO  o.e.m.w.i.f.ResourceFilteringBuildParticipant - Changed resources require a complete clean of filtered resources of Spring_security
2024-05-29 12:25:32,521 [Worker-2: Building] INFO  o.e.m.w.i.f.ResourceFilteringBuildParticipant - Executing resource filtering for Spring_security
2024-05-29 12:28:32,543 [Worker-7: Building] INFO  o.e.m.c.i.embedder.EclipseLogger - Using 'UTF-8' encoding to copy filtered resources.
2024-05-29 12:28:32,548 [Worker-7: Building] INFO  o.e.m.c.i.embedder.EclipseLogger - Copying 0 resource
2024-05-29 12:28:32,551 [Worker-7: Building] INFO  o.e.m.c.i.embedder.EclipseLogger - Using 'UTF-8' encoding to copy filtered resources.
2024-05-29 12:28:32,552 [Worker-7: Building] INFO  o.e.m.c.i.embedder.EclipseLogger - Copying 0 resource
2024-05-29 12:28:41,419 [Worker-8: Building] INFO  o.e.m.c.i.embedder.EclipseLogger - Using 'UTF-8' encoding to copy filtered resources.
2024-05-29 12:28:41,420 [Worker-8: Building] INFO  o.e.m.c.i.embedder.EclipseLogger - Copying 0 resource
2024-05-29 12:28:41,423 [Worker-8: Building] INFO  o.e.m.c.i.embedder.EclipseLogger - Using 'UTF-8' encoding to copy filtered resources.
2024-05-29 12:28:41,424 [Worker-8: Building] INFO  o.e.m.c.i.embedder.EclipseLogger - Copying 0 resource
2024-05-29 12:30:08,719 [Worker-1: Building] INFO  o.e.m.c.i.embedder.EclipseLogger - Using 'UTF-8' encoding to copy filtered resources.
2024-05-29 12:30:08,720 [Worker-1: Building] INFO  o.e.m.c.i.embedder.EclipseLogger - Copying 0 resource
2024-05-29 12:30:08,722 [Worker-1: Building] INFO  o.e.m.c.i.embedder.EclipseLogger - Using 'UTF-8' encoding to copy filtered resources.
2024-05-29 12:30:08,722 [Worker-1: Building] INFO  o.e.m.c.i.embedder.EclipseLogger - Copying 0 resource
2024-05-29 12:32:38,332 [Worker-9: Building] INFO  o.e.m.c.i.embedder.EclipseLogger - Using 'UTF-8' encoding to copy filtered resources.
2024-05-29 12:32:38,332 [Worker-9: Building] INFO  o.e.m.c.i.embedder.EclipseLogger - Copying 0 resource
2024-05-29 12:32:38,340 [Worker-9: Building] INFO  o.e.m.c.i.embedder.EclipseLogger - Using 'UTF-8' encoding to copy filtered resources.
2024-05-29 12:32:38,340 [Worker-9: Building] INFO  o.e.m.c.i.embedder.EclipseLogger - Copying 0 resource
2024-05-29 12:33:40,554 [Worker-8: https://download.eclipse.org/usssdk/drops/release/1.2.2/artifacts.xml.xz] INFO  o.a.h.c.h.i.c.HttpRequestRetryExec - Recoverable I/O exception (java.net.SocketException) caught when processing request to {s}->https://download.eclipse.org:443
2024-05-29 13:00:49,973 [Worker-2: Loading available Gradle versions] INFO  o.e.b.c.i.u.g.PublishedGradleVersions - Gradle version information cache is up-to-date. Trying to read.
2024-05-29 15:04:57,571 [Worker-3: Loading available Gradle versions] INFO  o.e.b.c.i.u.g.PublishedGradleVersions - Gradle version information cache is up-to-date. Trying to read.
2024-07-17 13:12:09,325 [Worker-3: Loading available Gradle versions] INFO  o.e.b.c.i.u.g.PublishedGradleVersions - Gradle version information cache is up-to-date. Trying to read.
